SF:lib/customer_io_enums.dart
DA:19,0
DA:21,0
DA:23,0
DA:25,0
DA:28,0
LF:5
LH:0
end_of_record
SF:lib/data_pipelines/customer_io_method_channel.dart
DA:19,1
DA:21,2
DA:22,1
DA:29,1
DA:32,3
DA:40,1
DA:43,3
DA:50,1
DA:55,3
DA:58,1
DA:63,1
DA:66,3
DA:74,1
DA:76,1
DA:77,2
DA:83,1
DA:85,2
DA:90,1
DA:93,1
DA:94,2
DA:101,1
DA:103,1
DA:104,2
LF:23
LH:23
end_of_record
SF:lib/config/customer_io_config.dart
DA:24,3
DA:38,3
DA:40,2
DA:41,2
DA:42,2
DA:43,2
DA:44,3
DA:45,3
DA:46,2
DA:47,2
DA:48,2
DA:49,2
DA:50,2
DA:51,2
DA:52,3
DA:53,3
DA:54,4
DA:55,2
DA:56,2
LF:19
LH:19
end_of_record
SF:lib/config/in_app_config.dart
DA:4,1
DA:6,1
DA:7,1
DA:8,1
LF:4
LH:4
end_of_record
SF:lib/config/push_config.dart
DA:6,3
DA:7,3
DA:9,2
DA:10,2
DA:11,4
DA:19,3
DA:23,2
DA:24,2
DA:25,4
LF:9
LH:9
end_of_record
SF:lib/extensions/method_channel_extensions.dart
DA:7,1
DA:10,1
DA:11,0
DA:14,0
DA:21,0
DA:29,1
DA:31,1
LF:7
LH:4
end_of_record
SF:lib/data_pipelines/customer_io_platform_interface.dart
DA:17,3
DA:19,6
DA:21,1
DA:23,2
DA:25,1
DA:26,2
DA:30,0
DA:33,0
DA:36,0
DA:38,0
DA:41,0
DA:42,0
DA:45,0
DA:47,0
DA:50,0
DA:54,0
DA:57,0
DA:58,0
DA:61,0
DA:63,0
DA:66,0
DA:67,0
DA:70,0
DA:72,0
LF:24
LH:6
end_of_record
SF:lib/messaging_in_app/inline_in_app_message_view.dart
DA:8,0
DA:43,3
DA:58,0
DA:59,0
DA:61,0
DA:64,0
DA:65,0
DA:66,0
DA:67,0
DA:70,0
DA:71,0
DA:102,9
DA:114,5
DA:115,5
DA:123,5
DA:125,5
DA:128,5
DA:130,9
DA:132,5
DA:133,5
DA:136,5
DA:138,5
DA:139,10
DA:144,10
DA:145,5
DA:150,5
DA:151,5
DA:153,4
DA:154,2
DA:158,2
DA:164,5
DA:166,5
DA:169,5
DA:170,5
DA:176,4
DA:177,12
DA:178,12
DA:181,4
DA:182,4
DA:183,4
DA:184,6
DA:185,3
DA:186,3
DA:187,3
DA:188,3
DA:189,3
DA:191,3
DA:194,6
DA:197,9
DA:200,4
DA:201,4
DA:202,4
DA:203,4
DA:204,4
DA:205,8
DA:207,8
DA:208,4
DA:212,4
DA:213,4
DA:214,4
DA:215,3
DA:216,3
DA:217,6
DA:218,3
DA:229,3
DA:231,3
DA:234,12
DA:235,6
DA:241,2
DA:242,2
DA:247,0
DA:248,0
DA:253,5
DA:254,5
DA:257,8
DA:258,0
DA:260,0
DA:265,0
LF:78
LH:63
end_of_record
SF:lib/customer_io.dart
DA:21,1
DA:25,1
DA:27,1
DA:29,1
DA:32,1
DA:34,1
DA:43,0
DA:49,0
DA:57,1
DA:63,0
DA:64,0
DA:68,0
DA:69,0
DA:75,1
DA:79,1
DA:81,2
DA:83,1
DA:94,1
DA:96,2
DA:97,1
DA:104,1
DA:105,2
DA:113,1
DA:115,2
DA:116,1
DA:120,1
DA:124,2
DA:130,1
DA:131,2
DA:138,1
DA:140,2
DA:141,1
DA:148,0
DA:149,0
DA:156,1
DA:158,2
DA:159,1
LF:37
LH:29
end_of_record
SF:lib/extensions/map_extensions.dart
DA:4,1
DA:5,5
LF:2
LH:2
end_of_record
SF:lib/messaging_in_app/platform_interface.dart
DA:16,3
DA:18,3
DA:20,2
DA:21,1
DA:23,2
DA:25,0
DA:26,0
DA:30,0
DA:31,0
DA:34,0
DA:36,0
LF:11
LH:5
end_of_record
SF:lib/messaging_push/platform_interface.dart
DA:13,3
DA:15,3
DA:17,2
DA:18,1
DA:20,2
DA:22,0
DA:23,0
DA:30,0
DA:31,0
DA:48,0
DA:50,0
DA:58,0
DA:59,0
DA:60,0
LF:14
LH:5
end_of_record
SF:lib/customer_io_inapp.dart
DA:8,0
DA:60,0
DA:71,0
DA:73,0
DA:74,0
DA:75,0
DA:76,0
LF:7
LH:0
end_of_record
SF:lib/messaging_in_app/method_channel.dart
DA:20,0
DA:22,0
DA:29,0
DA:33,0
DA:37,1
DA:38,3
DA:42,0
DA:45,0
DA:47,0
DA:48,0
DA:49,0
DA:50,0
DA:52,0
DA:53,0
DA:54,0
DA:56,0
DA:57,0
DA:58,0
DA:60,0
DA:61,0
DA:62,0
LF:21
LH:2
end_of_record
SF:lib/messaging_push/method_channel.dart
DA:18,0
DA:20,0
DA:21,0
DA:24,0
DA:27,0
DA:32,0
DA:35,0
DA:36,0
DA:39,0
LF:9
LH:0
end_of_record
